2025-01-03 23:33:22,886 INFO: App startup [in C:\Users\117940\OneDrive - dsm-firmenich\Documents\PRIV\fishapp\app\__init__.py:49]
2025-01-03 23:33:23,671 INFO: App startup [in C:\Users\117940\OneDrive - dsm-firmenich\Documents\PRIV\fishapp\app\__init__.py:49]
2025-01-03 23:34:53,153 INFO: App startup [in C:\Users\117940\OneDrive - dsm-firmenich\Documents\PRIV\fishapp\app\__init__.py:49]
2025-01-03 23:34:58,329 INFO: App startup [in C:\Users\117940\OneDrive - dsm-firmenich\Documents\PRIV\fishapp\app\__init__.py:49]
2025-01-03 23:34:59,146 INFO: App startup [in C:\Users\117940\OneDrive - dsm-firmenich\Documents\PRIV\fishapp\app\__init__.py:49]
2025-01-03 23:35:07,316 ERROR: Error in /get_water: Request data is missing or not in JSON format. [in C:\Users\117940\OneDrive - dsm-firmenich\Documents\PRIV\fishapp\app\routes.py:181]
Traceback (most recent call last):
  File "C:\Users\117940\OneDrive - dsm-firmenich\Documents\PRIV\fishapp\app\routes.py", line 121, in get_water
    raise ValueError("Request data is missing or not in JSON format.")
ValueError: Request data is missing or not in JSON format.
2025-01-03 23:41:13,199 INFO: App startup [in C:\Users\117940\OneDrive - dsm-firmenich\Documents\PRIV\fishapp\app\__init__.py:49]
2025-01-03 23:41:14,113 INFO: App startup [in C:\Users\117940\OneDrive - dsm-firmenich\Documents\PRIV\fishapp\app\__init__.py:49]
2025-01-03 23:41:26,780 ERROR: Error in /get_water: Request data is missing or not in JSON format. [in C:\Users\117940\OneDrive - dsm-firmenich\Documents\PRIV\fishapp\app\routes.py:181]
Traceback (most recent call last):
  File "C:\Users\117940\OneDrive - dsm-firmenich\Documents\PRIV\fishapp\app\routes.py", line 121, in get_water
    raise ValueError("Request data is missing or not in JSON format.")
ValueError: Request data is missing or not in JSON format.
2025-01-03 23:43:15,764 INFO: App startup [in C:\Users\117940\OneDrive - dsm-firmenich\Documents\PRIV\fishapp\app\__init__.py:49]
2025-01-03 23:43:16,525 INFO: App startup [in C:\Users\117940\OneDrive - dsm-firmenich\Documents\PRIV\fishapp\app\__init__.py:49]
2025-01-03 23:43:20,440 ERROR: Error in /get_water: Request data is missing or not in JSON format. [in C:\Users\117940\OneDrive - dsm-firmenich\Documents\PRIV\fishapp\app\routes.py:181]
Traceback (most recent call last):
  File "C:\Users\117940\OneDrive - dsm-firmenich\Documents\PRIV\fishapp\app\routes.py", line 121, in get_water
    raise ValueError("Request data is missing or not in JSON format.")
ValueError: Request data is missing or not in JSON format.
2025-01-03 23:44:09,398 INFO: App startup [in C:\Users\117940\OneDrive - dsm-firmenich\Documents\PRIV\fishapp\app\__init__.py:49]
2025-01-03 23:44:16,655 ERROR: Error in /get_water: dict.get() takes no keyword arguments [in C:\Users\117940\OneDrive - dsm-firmenich\Documents\PRIV\fishapp\app\routes.py:182]
Traceback (most recent call last):
  File "C:\Users\117940\OneDrive - dsm-firmenich\Documents\PRIV\fishapp\app\routes.py", line 124, in get_water
    water_id = data.get("waterId", type=int)
               ^^^^^^^^^^^^^^^^^^^^^^^^^^^^^
TypeError: dict.get() takes no keyword arguments
2025-01-03 23:45:52,899 INFO: App startup [in C:\Users\117940\OneDrive - dsm-firmenich\Documents\PRIV\fishapp\app\__init__.py:49]
2025-01-03 23:46:12,251 INFO: App startup [in C:\Users\117940\OneDrive - dsm-firmenich\Documents\PRIV\fishapp\app\__init__.py:49]
2025-01-03 23:46:18,768 INFO: App startup [in C:\Users\117940\OneDrive - dsm-firmenich\Documents\PRIV\fishapp\app\__init__.py:49]
2025-01-03 23:46:19,535 INFO: App startup [in C:\Users\117940\OneDrive - dsm-firmenich\Documents\PRIV\fishapp\app\__init__.py:49]
2025-01-03 23:46:25,215 ERROR: Error in /get_water: dict.get() takes no keyword arguments [in C:\Users\117940\OneDrive - dsm-firmenich\Documents\PRIV\fishapp\app\routes.py:185]
Traceback (most recent call last):
  File "C:\Users\117940\OneDrive - dsm-firmenich\Documents\PRIV\fishapp\app\routes.py", line 127, in get_water
    water_id = data.get("waterId", type=int)
               ^^^^^^^^^^^^^^^^^^^^^^^^^^^^^
TypeError: dict.get() takes no keyword arguments
2025-01-03 23:46:52,053 INFO: App startup [in C:\Users\117940\OneDrive - dsm-firmenich\Documents\PRIV\fishapp\app\__init__.py:49]
2025-01-03 23:46:57,747 INFO: App startup [in C:\Users\117940\OneDrive - dsm-firmenich\Documents\PRIV\fishapp\app\__init__.py:49]
2025-01-03 23:46:58,500 INFO: App startup [in C:\Users\117940\OneDrive - dsm-firmenich\Documents\PRIV\fishapp\app\__init__.py:49]
